<?xml version="1.0" encoding="UTF-8"?>
<!-- Generated by org.testng.reporters.JUnitXMLReporter -->
<testsuite ignored="1" hostname="Rohit-PC" failures="0" tests="3" name="Fulprjl" time="0.157" errors="0" timestamp="2022-05-20T12:29:33 IST">
  <testcase classname="pkges.test2" name="testB" time="0.011"/>
  <testcase classname="pkges.test1" name="testA" time="0.003"/>
  <testcase classname="pkges.test1" name="testB" time="0.004"/>
  <testcase classname="pkges.test2" name="testA" time="0.0">
    <ignored/>
  </testcase> <!-- testA -->
</testsuite> <!-- Fulprjl -->
