<?xml version="1.0" encoding="UTF-8"?>
<!-- Generated by org.testng.reporters.JUnitXMLReporter -->
<testsuite ignored="1" hostname="Rohit-PC" failures="0" tests="4" name="Samiksha" time="31.205" errors="0" timestamp="2022-05-20T12:32:45 IST">
  <testcase classname="pkges.test2" name="testB" time="0.013"/>
  <testcase classname="pkges.test1" name="testA" time="0.002"/>
  <testcase classname="pkges.test1" name="testB" time="0.009"/>
  <testcase classname="pkges.VerifyLoginPage" name="verifylink" time="0.491"/>
  <testcase classname="pkges.test2" name="testA" time="0.0">
    <ignored/>
  </testcase> <!-- testA -->
</testsuite> <!-- Samiksha -->
