<?xml version="1.0" encoding="UTF-8"?>
<!-- Generated by org.testng.reporters.JUnitXMLReporter -->
<testsuite ignored="0" hostname="Rohit-PC" failures="0" tests="4" name="Fulprjl" time="0.196" errors="0" timestamp="2022-05-20T12:25:19 IST">
  <testcase classname="pkges.test2" name="testA" time="0.018"/>
  <testcase classname="pkges.test2" name="testB" time="0.007"/>
  <testcase classname="pkges.test1" name="testA" time="0.003"/>
  <testcase classname="pkges.test1" name="testB" time="0.003"/>
</testsuite> <!-- Fulprjl -->
