<?xml version="1.0" encoding="UTF-8"?>
<testng-results ignored="1" total="5" passed="4" failed="0" skipped="0">
  <reporter-output>
  </reporter-output>
  <suite started-at="2022-05-20T12:32:14 IST" name="MyTestNG" finished-at="2022-05-20T12:32:45 IST" duration-ms="31205">
    <groups>
    </groups>
    <test started-at="2022-05-20T12:32:14 IST" name="Samiksha" finished-at="2022-05-20T12:32:45 IST" duration-ms="31205">
      <class name="pkges.test2">
        <test-method is-config="true" signature="beforeClass()[pri:0, instance:pkges.test2@47987356]" started-at="2022-05-20T12:32:14 IST" name="beforeClass" finished-at="2022-05-20T12:32:14 IST" duration-ms="17" status="PASS">
          <reporter-output>
          </reporter-output>
        </test-method> <!-- beforeClass -->
        <test-method is-config="true" signature="beforeMethod()[pri:0, instance:pkges.test2@47987356]" started-at="2022-05-20T12:32:14 IST" name="beforeMethod" finished-at="2022-05-20T12:32:14 IST" duration-ms="1" status="PASS">
          <reporter-output>
          </reporter-output>
        </test-method> <!-- beforeMethod -->
        <test-method signature="testB()[pri:0, instance:pkges.test2@47987356]" started-at="2022-05-20T12:32:14 IST" name="testB" finished-at="2022-05-20T12:32:14 IST" duration-ms="13" status="PASS">
          <reporter-output>
          </reporter-output>
        </test-method> <!-- testB -->
        <test-method is-config="true" signature="afterMethod()[pri:0, instance:pkges.test2@47987356]" started-at="2022-05-20T12:32:14 IST" name="afterMethod" finished-at="2022-05-20T12:32:14 IST" duration-ms="1" status="PASS">
          <reporter-output>
          </reporter-output>
        </test-method> <!-- afterMethod -->
        <test-method is-config="true" signature="afterClass()[pri:0, instance:pkges.test2@47987356]" started-at="2022-05-20T12:32:14 IST" name="afterClass" finished-at="2022-05-20T12:32:14 IST" duration-ms="2" status="PASS">
          <reporter-output>
          </reporter-output>
        </test-method> <!-- afterClass -->
      </class> <!-- pkges.test2 -->
      <class name="pkges.test1">
        <test-method is-config="true" signature="beforeClass()[pri:0, instance:pkges.test1@a530d0a]" started-at="2022-05-20T12:32:14 IST" name="beforeClass" finished-at="2022-05-20T12:32:14 IST" duration-ms="1" status="PASS">
          <reporter-output>
          </reporter-output>
        </test-method> <!-- beforeClass -->
        <test-method is-config="true" signature="beforeMethod()[pri:0, instance:pkges.test1@a530d0a]" started-at="2022-05-20T12:32:14 IST" name="beforeMethod" finished-at="2022-05-20T12:32:14 IST" duration-ms="1" status="PASS">
          <reporter-output>
          </reporter-output>
        </test-method> <!-- beforeMethod -->
        <test-method signature="testA()[pri:0, instance:pkges.test1@a530d0a]" started-at="2022-05-20T12:32:14 IST" name="testA" finished-at="2022-05-20T12:32:14 IST" duration-ms="2" status="PASS">
          <reporter-output>
          </reporter-output>
        </test-method> <!-- testA -->
        <test-method is-config="true" signature="afterMethod()[pri:0, instance:pkges.test1@a530d0a]" started-at="2022-05-20T12:32:14 IST" name="afterMethod" finished-at="2022-05-20T12:32:14 IST" duration-ms="9" status="PASS">
          <reporter-output>
          </reporter-output>
        </test-method> <!-- afterMethod -->
        <test-method is-config="true" signature="beforeMethod()[pri:0, instance:pkges.test1@a530d0a]" started-at="2022-05-20T12:32:14 IST" name="beforeMethod" finished-at="2022-05-20T12:32:14 IST" duration-ms="0" status="PASS">
          <reporter-output>
          </reporter-output>
        </test-method> <!-- beforeMethod -->
        <test-method signature="testB()[pri:0, instance:pkges.test1@a530d0a]" started-at="2022-05-20T12:32:14 IST" name="testB" finished-at="2022-05-20T12:32:14 IST" duration-ms="9" status="PASS">
          <reporter-output>
          </reporter-output>
        </test-method> <!-- testB -->
        <test-method is-config="true" signature="afterClass()[pri:0, instance:pkges.test1@a530d0a]" started-at="2022-05-20T12:32:14 IST" name="afterClass" finished-at="2022-05-20T12:32:14 IST" duration-ms="2" status="PASS">
          <reporter-output>
          </reporter-output>
        </test-method> <!-- afterClass -->
        <test-method is-config="true" signature="afterMethod()[pri:0, instance:pkges.test1@a530d0a]" started-at="2022-05-20T12:32:14 IST" name="afterMethod" finished-at="2022-05-20T12:32:14 IST" duration-ms="0" status="PASS">
          <reporter-output>
          </reporter-output>
        </test-method> <!-- afterMethod -->
      </class> <!-- pkges.test1 -->
      <class name="pkges.VerifyLoginPage">
        <test-method is-config="true" signature="launchBrowser()[pri:0, instance:pkges.VerifyLoginPage@1a18644]" started-at="2022-05-20T12:32:14 IST" name="launchBrowser" finished-at="2022-05-20T12:32:21 IST" duration-ms="6631" status="PASS">
          <reporter-output>
          </reporter-output>
        </test-method> <!-- launchBrowser -->
        <test-method is-config="true" signature="loginToApplication()[pri:0, instance:pkges.VerifyLoginPage@1a18644]" started-at="2022-05-20T12:32:21 IST" name="loginToApplication" finished-at="2022-05-20T12:32:37 IST" duration-ms="16533" status="PASS">
          <reporter-output>
          </reporter-output>
        </test-method> <!-- loginToApplication -->
        <test-method signature="verifylink()[pri:0, instance:pkges.VerifyLoginPage@1a18644]" started-at="2022-05-20T12:32:37 IST" name="verifylink" finished-at="2022-05-20T12:32:38 IST" duration-ms="491" status="PASS">
          <reporter-output>
          </reporter-output>
        </test-method> <!-- verifylink -->
        <test-method is-config="true" signature="logoutapplication()[pri:0, instance:pkges.VerifyLoginPage@1a18644]" started-at="2022-05-20T12:32:38 IST" name="logoutapplication" finished-at="2022-05-20T12:32:43 IST" duration-ms="5103" status="PASS">
          <reporter-output>
          </reporter-output>
        </test-method> <!-- logoutapplication -->
        <test-method is-config="true" signature="tabclose()[pri:0, instance:pkges.VerifyLoginPage@1a18644]" started-at="2022-05-20T12:32:43 IST" name="tabclose" finished-at="2022-05-20T12:32:45 IST" duration-ms="2294" status="PASS">
          <reporter-output>
          </reporter-output>
        </test-method> <!-- tabclose -->
      </class> <!-- pkges.VerifyLoginPage -->
    </test> <!-- Samiksha -->
  </suite> <!-- MyTestNG -->
</testng-results>
